INFO 2025-07-06 21:59:58,625 apps 557427 136433906447808 Configuration validation passed
INFO 2025-07-06 21:59:58,626 apps 557427 136433906447808 Rate limiting initialized
INFO 2025-07-06 21:59:58,626 apps 557427 136433906447808 Audit logging enabled
INFO 2025-07-06 21:59:58,626 apps 557427 136433906447808 Performance monitoring initialized
INFO 2025-07-06 21:59:58,626 apps 557427 136433906447808 Health checks enabled
INFO 2025-07-06 21:59:58,626 apps 557427 136433906447808 Django PartStream initialized successfully
INFO 2025-07-06 22:00:07,018 apps 557509 138606533100992 Configuration validation passed
INFO 2025-07-06 22:00:07,019 apps 557509 138606533100992 Rate limiting initialized
INFO 2025-07-06 22:00:07,019 apps 557509 138606533100992 Audit logging enabled
INFO 2025-07-06 22:00:07,019 apps 557509 138606533100992 Performance monitoring initialized
INFO 2025-07-06 22:00:07,019 apps 557509 138606533100992 Health checks enabled
INFO 2025-07-06 22:00:07,019 apps 557509 138606533100992 Django PartStream initialized successfully
INFO 2025-07-06 22:02:58,105 apps 558627 131801821976000 Configuration validation passed
INFO 2025-07-06 22:02:58,106 apps 558627 131801821976000 Rate limiting initialized
INFO 2025-07-06 22:02:58,106 apps 558627 131801821976000 Audit logging enabled
INFO 2025-07-06 22:02:58,106 apps 558627 131801821976000 Performance monitoring initialized
INFO 2025-07-06 22:02:58,106 apps 558627 131801821976000 Health checks enabled
INFO 2025-07-06 22:02:58,106 apps 558627 131801821976000 Django PartStream initialized successfully
INFO 2025-07-06 22:03:06,469 apps 558730 131992031786432 Configuration validation passed
INFO 2025-07-06 22:03:06,470 apps 558730 131992031786432 Rate limiting initialized
INFO 2025-07-06 22:03:06,470 apps 558730 131992031786432 Audit logging enabled
INFO 2025-07-06 22:03:06,470 apps 558730 131992031786432 Performance monitoring initialized
INFO 2025-07-06 22:03:06,470 apps 558730 131992031786432 Health checks enabled
INFO 2025-07-06 22:03:06,470 apps 558730 131992031786432 Django PartStream initialized successfully
INFO 2025-07-06 22:16:44,351 apps 564083 126187982611904 Configuration validation passed
INFO 2025-07-06 22:16:44,386 apps 564083 126187982611904 Rate limiting initialized
INFO 2025-07-06 22:16:44,387 apps 564083 126187982611904 Audit logging enabled
INFO 2025-07-06 22:16:44,411 apps 564083 126187982611904 Performance monitoring initialized
INFO 2025-07-06 22:16:44,412 apps 564083 126187982611904 Health checks enabled
INFO 2025-07-06 22:16:44,413 apps 564083 126187982611904 Django PartStream initialized successfully
